1572989648742	mozrunner::runner	INFO	Running command: "C:\\Program Files\\Mozilla Firefox\\firefox.exe" "-marionette" "-foreground" "-no-remote" "-profile" "C:\\Users\\DHHYE_~1\\AppData\\Local\\Temp\\rust_mozprofilepkWvRd"
1572989649461	addons.webextension.screenshots@mozilla.org	WARN	Loading extension 'screenshots@mozilla.org': Reading manifest: Invalid extension permission: mozillaAddons
1572989649461	addons.webextension.screenshots@mozilla.org	WARN	Loading extension 'screenshots@mozilla.org': Reading manifest: Invalid extension permission: telemetry
1572989649461	addons.webextension.screenshots@mozilla.org	WARN	Loading extension 'screenshots@mozilla.org': Reading manifest: Invalid extension permission: resource://pdf.js/
1572989649463	addons.webextension.screenshots@mozilla.org	WARN	Loading extension 'screenshots@mozilla.org': Reading manifest: Invalid extension permission: about:reader*
JavaScript error: resource://gre/modules/XULStore.jsm, line 66: Error: Can't find profile directory.
1572989651583	Marionette	INFO	Listening on port 59739
1572989651880	Marionette	WARN	TLS certificate errors will be ignored for this session
[Parent 2688, Gecko_IOThread] WARNING: pipe error: 109: file z:/task_1572401533/build/src/ipc/chromium/src/chrome/common/ipc_channel_win.cc, line 341
[Child 6716, Chrome_ChildThread] WARNING: pipe error: 109: file z:/task_1572401533/build/src/ipc/chromium/src/chrome/common/ipc_channel_win.cc, line 341
[C[Parent 2688, Gecko_IOThread] WARNING: pipe error: 109: file z:/task_1572401533/build/src/ipc/chromium/src/chrome/common/ipc_channel_win.cc, line 341
[Child 3100, Chrome_ChildThread] WARNING: pipe error: 109: file z:/task_1572401533/build/src/ipc/chromium/src/chrome/common/ipc_channel_win.cc, line 341
[Child 3100, Chrome_ChildThrea1572989666247	Marionette	INFO	Stopped listening on port 59739

###!!! [Child][RunMessage] Error: Channel closing: too late to send/recv, messages will be lost

[GPU 13172,
###!!! [Child][MessageChannel::SendAndWait] Error: Channel error: cannot send/recv

*
JavaScript error: resource://gre/modules/XULStore.jsm, line 66: Error: Can't find profile directory.
1572989666253	Marionette	INFO	Listening on port 59773
1572989666649	Marionette	WARN	TLS certificate errors will be ignored for this session
[Parent 15024, Gecko_IOThread] WARNING: pipe error: 109: file z:/task_1572401533/build/src/ipc/chromium/src/chrome/common/ipc_channel_win.cc, line 341
[Child 13564, Chrome_ChildThread] WARNING: pipe error: 109: file z:/task_1572401533/build/src/ipc/chromium/src/chrome/common/ipc_channel_win.cc, line 341
1572989669523	Marionette	INFO	Stopped listening on port 59773
[GP
###!!! [Child][MessageChannel::SendAndWait] Error: Channel error: cannot send/recv

1572989681466	mozrunner::runner	INFO	Running command: "C:\\Program Files\\Mozilla Firefox\\firefox.exe" "-marionette" "-foreground" "-no-remote" "-profile" "C:\\Users\\DHHYE_~1\\AppData\\Local\\Temp\\rust_mozprofileFEQfv2"
1572989682093	addons.webextension.screenshots@mozilla.org	WARN	Loading extension 'screenshots@mozilla.org': Reading manifest: Invalid extension permission: mozillaAddons
1572989682094	addons.webextension.screenshots@mozilla.org	WARN	Loading extension 'screenshots@mozilla.org': Reading manifest: Invalid extension permission: telemetry
1572989682094	addons.webextension.screenshots@mozilla.org	WARN	Loading extension 'screenshots@mozilla.org': Reading manifest: Invalid extension permission: resource://pdf.js/
1572989682094	addons.webextension.screenshots@mozilla.org	WARN	Loading extension 'screenshots@mozilla.org': Reading manifest: Invalid extension permission: about:reader*
JavaScript error: resource://gre/modules/XULStore.jsm, line 66: Error: Can't find profile directory.
1572989684270	Marionette	INFO	Listening on port 59803
1572989684642	Marionette	WARN	TLS certificate errors will be ignored for this session
[Child 16232, Chrome_ChildThread] WARNING: pipe error: 109: file z:/task_1572401533/build/src/ipc/chromium/src/chrome/common/ipc_channel_win.cc, line 341
[Child 16[Parent 15884, Gecko_IOThread] WARNING: pipe error: 109: file z:/task_1572401533/build/src/ipc/chromium/src/chrome/common/ipc_channel_win.cc, line 341
[Child 16356, Chrome_ChildThread] WARNING: pipe error: 109: file z:/task_1572401533/build/src/ipc/chromium/src/chrome/common/ipc_channel_win.cc, line 341
[Child 163[Parent 15884, Gecko_IOThread] WARNING: pipe error: 109: file z:/task_1572401533/build/src/ipc/chromium/src/chrome/common/ipc_channel_win.cc, line 341
[Child 16184, Chrome_ChildThread] WARNING: pipe error: 109: file z:/task_1572401533/build/src/ipc/chromium/src/chrome/common/ipc_channel_win.cc, line 341
[Child 1572989688836	Marionette	INFO	Stopped listening on port 59803
[GPU 1605
###!!! [Child][MessageChannel::SendAndWait] Error: Channel error: cannot send/recv

1572989748682	mozrunner::runner	INFO	Running command: "C:\\Program Files\\Mozilla Firefox\\firefox.exe" "-marionette" "-foreground" "-no-remote" "-profile" "C:\\Users\\DHHYE_~1\\AppData\\Local\\Temp\\rust_mozprofile8bRnEh"
1572989749515	addons.webextension.screenshots@mozilla.org	WARN	Loading extension 'screenshots@mozilla.org': Reading manifest: Invalid extension permission: mozillaAddons
1572989749516	addons.webextension.screenshots@mozilla.org	WARN	Loading extension 'screenshots@mozilla.org': Reading manifest: Invalid extension permission: telemetry
1572989749517	addons.webextension.screenshots@mozilla.org	WARN	Loading extension 'screenshots@mozilla.org': Reading manifest: Invalid extension permission: resource://pdf.js/
1572989749517	addons.webextension.screenshots@mozilla.org	WARN	Loading extension 'screenshots@mozilla.org': Reading manifest: Invalid extension permission: about:reader*
JavaScript error: resource://gre/modules/XULStore.jsm, line 66: Error: Can't find profile directory.
[Parent 15320, Gecko_IOThread] WARNING: pipe error: 109: file z:/task_1572401533/build/src/ipc/chromium/src/chrome/common/ipc_channel_win.cc, line 341
1572989752912	Marionette	INFO	Listening on port 59842
1572989752934	Marionette	WARN	TLS certificate errors will be ignored for this session
[Parent 15320, Gecko_IOThread] WARNING: pipe error: 109: file z:/task_1572401533/build/src/ipc/chromium/src/chrome/common/ipc_channel_win.cc, line 341
[Child 15148, Chrome_ChildThread] WARNING: pipe error: 109: file z:/task_1572401533/build/src/ipc/chromium/src/chrome/common/ipc_channel_win.cc, line 341
[Child 15148, Chrome_ChildThread] WARNING: pipe error: 109: file z:/task_1572401533/build/src/ipc/chromium/src/chrome/common/ipc_channel_win.cc, line 341
[Child 15020, Chrome_ChildThread] WARNING: pipe error: 109: file z:/task_1572401533/build/src/ipc/chromium/src/chrome/common/ipc_channel_win.cc, line 341
[Child 11572989755953	Marionette	INFO	Stopped listening on port 59842

###!!! [Child][RunMessage] Error: Channel closing: too late to send/recv, messages will be lost

[GPU 15252, 
###!!! [Child][MessageChannel::SendAndWait] Error: Channel error: cannot send/recv

1572989942088	mozrunner::runner	INFO	Running command: "C:\\Program Files\\Mozilla Firefox\\firefox.exe" "-marionette" "-foreground" "-no-remote" "-profile" "C:\\Users\\DHHYE_~1\\AppData\\Local\\Temp\\rust_mozprofilez3kVjU"
1572989942729	addons.webextension.screenshots@mozilla.org	WARN	Loading extension 'screenshots@mozilla.org': Reading manifest: Invalid extension permission: mozillaAddons
1572989942729	addons.webextension.screenshots@mozilla.org	WARN	Loading extension 'screenshots@mozilla.org': Reading manifest: Invalid extension permission: telemetry
1572989942729	addons.webextension.screenshots@mozilla.org	WARN	Loading extension 'screenshots@mozilla.org': Reading manifest: Invalid extension permission: resource://pdf.js/
1572989942729	addons.webextension.screenshots@mozilla.org	WARN	Loading extension 'screenshots@mozilla.org': Reading manifest: Invalid extension permission: about:reader*
JavaScript error: resource://gre/modules/XULStore.jsm, line 66: Error: Can't find profile directory.
1572989945117	Marionette	INFO	Listening on port 59888
1572989945224	Marionette	WARN	TLS certificate errors will be ignored for this session
[Parent 15240, Gecko_IOThread] WARNING: pipe error: 109: file z:/task_1572401533/build/src/ipc/chromium/src/chrome/common/ipc_channel_win.cc, line 341
[Child 1904, Chrome_ChildThread] WARNING: pipe error: 109: file z:/task_1572401533/build/src/ipc/chromium/src/chrome/common/ipc_channel_win.cc, line 341
[Parent 15240, Gecko_IOThread] WARNING: pipe error: 109: file z:/task_1572401533/build/src/ipc/chromium/src/chrome/common/ipc_channel_win.cc, line 341
[Parent 15240, Gecko_IOThread] WARNING: pipe error: 109: file z:/task_1572401533/build/src/ipc/chromium/src/chrome/common/ipc_channel_win.cc, line 341
[Child 344, Chrome_ChildThread] WARNING: pipe error: 109: file z:/task_1572401533/build/src/ipc/chromium/src/chrome/common/ipc_channel_win.cc, line 341
[Child 1573063254451	Marionette	INFO	Stopped listening on port 59888

###!!! [Child][RunMessage] Error: Channel closing: too late to send/recv, messages will be lost


###!!! [Child][MessageChannel::SendAndWait] Error: Channel error: cannot send/recv

7	Marionette	INFO	Listening on port 60065
1572990291890	Marionette	WARN	TLS certificate errors will be ignored for this session
[Parent 972, Gecko_IOThread] WARNING: pipe error: 109: file z:/task_1572401533/build/src/ipc/chromium/src/chrome/common/ipc_channel_win.cc, line 341
[Child 7048, Chrome_ChildThread] WARNING: pipe error: 109: file z:/task_1572401533/build/src/ipc/chromium/src/chrome/common/ipc_channel_win.cc, line 341
[Parent 972, Gecko_IOThread] WARNING: pipe error: 109: file z:/task_1572401533/build/src/ipc/chromium/src/chrome/common/ipc_channel_win.cc, line 341
1572990296566	Marionette	INFO	Stopped listening on port 60065

###!!! [Child][RunMessage] Error: Channel closing: too late to send/recv, messages will be lost

[
###!!! [Child][MessageChannel::SendAndWait] Error: Channel error: cannot send/recv

1572990374525	mozrunner::runner	INFO	Running command: "C:\\Program Files\\Mozilla Firefox\\firefox.exe" "-marionette" "-foreground" "-no-remote" "-profile" "C:\\Users\\DHHYE_~1\\AppData\\Local\\Temp\\rust_mozprofile6iIchc"
1572990375269	addons.webextension.screenshots@mozilla.org	WARN	Loading extension 'screenshots@mozilla.org': Reading manifest: Invalid extension permission: mozillaAddons
1572990375270	addons.webextension.screenshots@mozilla.org	WARN	Loading extension 'screenshots@mozilla.org': Reading manifest: Invalid extension permission: telemetry
1572990375270	addons.webextension.screenshots@mozilla.org	WARN	Loading extension 'screenshots@mozilla.org': Reading manifest: Invalid extension permission: resource://pdf.js/
1572990375270	addons.webextension.screenshots@mozilla.org	WARN	Loading extension 'screenshots@mozilla.org': Reading manifest: Invalid extension permission: about:reader*
JavaScript error: resource://gre/modules/XULStore.jsm, line 66: Error: Can't find profile directory.
1572990377235	Marionette	INFO	Listening on port 60164
1572990377695	Marionette	WARN	TLS certificate errors will be ignored for this session
[Parent 12460, Gecko_IOThread] WARNING: pipe error: 109: file z:/task_1572401533/build/src/ipc/chromium/src/chrome/common/ipc_channel_win.cc, line 341
[Child 672, Chrome_ChildThread] WARNING: pipe error: 109: file z:/task_1572401533/build/src/ipc/chromium/src/chrome/common/ipc_channel_win.cc, line 341
[Child 672, Chrome_Child[Child 11752, Chrome_ChildThread] WARNING: pipe error: 109: file z:/task_1572401533/build/src/ipc/chromium/src/chrome/common/ipc_channel_win.cc, line 341
[Parent 12460, Gecko_IOThread] WARNING: pipe error: 109: file z:/task_1572401533/build/src/ipc/chromium/src/chrome/common/ipc_channel_win.cc, line 341
[Child 1032, Chrome_ChildThread] WARNING: pipe error: 109: file z:/task_1572401533/build/src/ipc/chromium/src/chrome/common/ipc_channel_win.cc, line 341
[Child1572990402971	Marionette	INFO	Stopped listening on port 60164

###!!! [Child][RunMessage] Error: Channel closing: too late to send/recv, messages will be lost

[G
###!!! [Child][MessageChannel::SendAndWait] Error: Channel error: cannot send/recv

1573061753830	mozrunner::runner	INFO	Running command: "C:\\Program Files\\Mozilla Firefox\\firefox.exe" "-marionette" "-foreground" "-no-remote" "-profile" "C:\\Users\\DHHYE_~1\\AppData\\Local\\Temp\\rust_mozprofileip7MQH"
1573061755204	addons.webextension.screenshots@mozilla.org	WARN	Loading extension 'screenshots@mozilla.org': Reading manifest: Invalid extension permission: mozillaAddons
1573061755204	addons.webextension.screenshots@mozilla.org	WARN	Loading extension 'screenshots@mozilla.org': Reading manifest: Invalid extension permission: telemetry
1573061755204	addons.webextension.screenshots@mozilla.org	WARN	Loading extension 'screenshots@mozilla.org': Reading manifest: Invalid extension permission: resource://pdf.js/
1573061755205	addons.webextension.screenshots@mozilla.org	WARN	Loading extension 'screenshots@mozilla.org': Reading manifest: Invalid extension permission: about:reader*
JavaScript error: resource://gre/modules/XULStore.jsm, line 66: Error: Can't find profile directory.
1573061758036	Marionette	INFO	Listening on port 60880
1573061758053	Marionette	WARN	TLS certificate errors will be ignored for this session
[Child 18992, Chrome_ChildThread] WARNING: pipe error: 109: file z:/task_1572401533/build/src/ipc/chromium/src/chrome/common/ipc_channel_win.cc, line 341
[Chil[Child 14444, Chrome_ChildThread] WARNING: pipe error: 109: file z:/task_1572401533/build/src/ipc/chromium/src/chrome/common/ipc_channel_win.cc, line 341
[Child 14[Parent 14860, Gecko_IOThread] WARNING: pipe error: 109: file z:/task_1572401533/build/src/ipc/chromium/src/chrome/common/ipc_channel_win.cc, line 341
1573063250093	Marionette	INFO	Stopped listening on port 60880
[GPU 6048, Chrome_Child
###!!! [Child][MessageChannel::SendAndWait] Error: Channel error: cannot send/recv

hots@mozilla.org': Reading manifest: Invalid extension permission: resource://pdf.js/
1573061985367	addons.webextension.screenshots@mozilla.org	WARN	Loading extension 'screenshots@mozilla.org': Reading manifest: Invalid extension permission: about:reader*
JavaScript error: resource://gre/modules/XULStore.jsm, line 66: Error: Can't find profile directory.
1573061988186	Marionette	INFO	Listening on port 61048
1573061988634	Marionette	WARN	TLS certificate errors will be ignored for this session

###!!! [Child][RunMessage] Error: Channel closing: too late to send/recv, messages will be lost

[Child 15388, Chrom[Child 16808, Chrome_ChildThread] WARNING: pipe error: 109: file z:/task_1572401533/build/src/ipc/chromium/src/chrome/common/ipc_channel_win.cc, line 341
[Child[Child 14688, Chrome_ChildThread] WARNING: pipe error: 109: file z:/task_1572401533/build/src/ipc/chromium/src/chrome/common/ipc_channel_win.cc, line 341
[Child 14688, Chrome_ChildThread] WARNING: pipe error: 109: file z:/task_1572401533/build/sr[Parent 18592, Gecko_IOThread] WARNING: pipe error: 109: file z:/task_1572401533/build/src/ipc/chromium/src/chrome/common/ipc_channel_win.cc, line 341
[Child 18368, Chrome_ChildThread] WARNING: pipe error: 109: file z:/task_1572401533/build/src/ipc/chromium/src/chrome/common/ipc_channel_win.cc, line 341
[Child 18368, Chro[Parent 18592, Gecko_IOThread] WARNING: pipe error: 109: file z:/task_1572401533/build/src/ipc/chromium/src/chrome/common/ipc_channel_win.cc, line 341
[Child 16628, Chrome_ChildThread] WARNING: pipe error: 109: file z:/task_1572401533/build/src/ipc/chromium/src/chrome/common/ipc_channel_win.cc, line 341
[Child 1573063251504	Marionette	INFO	Stopped listening on port 61048

###!!! [Child][RunMessage] Error: Channel closing: too late to send/recv, messages will be lost

[
###!!! [Child][MessageChannel::SendAndWait] Error: Channel error: cannot send/recv

his session
[Parent 3028, Gecko_IOThread] WARNING: pipe error: 109: file z:/task_1572401533/build/src/ipc/chromium/src/chrome/common/ipc_channel_win.cc, line 341
[Child 8544, Chrome_ChildThread] WARNING: pipe error: 109: file z:/task_1572401533/build/src/ipc/chromium/src/chrome/common/ipc_channel_win.cc, line 341
[Child 8544, Chrome_Child[Child 6804, Chrome_ChildThread] WARNING: pipe error: 109: file z:/task_1572401533/build/src/ipc/chromium/src/chrome/common/ipc_channel_win.cc, line 341
[Child 6804, C[Parent 3028, Gecko_IOThread] WARNING: pipe error: 109: file z:/task_1572401533/build/src/ipc/chromium/src/chrome/common/ipc_channel_win.cc, line 341
[Child 17044, Chrome_ChildThread] WARNING: pipe error: 109: file z:/task_1572401533/build/src/ipc/chromium/src/chrome/common/ipc_channel_win.cc, line 341
[Child 17044, Ch1573063232685	Marionette	INFO	Stopped listening on port 61425

###!!! [Child][RunMessage] Error: Channel closing: too late to send/recv, messages will be lost

[GPU 
###!!! [Child][MessageChannel::SendAndWait] Error: Channel error: cannot send/recv

1	Marionette	WARN	TLS certificate errors will be ignored for this session
[Child 8548, Chrome_ChildThread] WARNING: pipe error: 109: file z:/task_1572401533/build/src/ipc/chromium/src/chrome/common/ipc_channel_win.cc, line 341
[Child 8548[Parent 16776, Gecko_IOThread] WARNING: pipe error: 109: file z:/task_1572401533/build/src/ipc/chromium/src/chrome/common/ipc_channel_win.cc, line 341
[Parent 16776, Gecko_IOThread] WARNING: pipe error: 109: file z:/task_1572401533/build/src/ipc/chromium/src/chrome/common/ipc_channel_win.cc, line 341
[Child 14976, Chrome_ChildThread] WARNING: pipe error: 109: file z:/task_1572401533/build/src/ipc/chromium/src/chrome/common/ipc_channel_win.cc, line 341
[Child 14976, Chrome_ChildThread] WARNING: pipe error: 109: file z:/task_1572401533/build/src/ipc/chromium/src/chrome/common/ipc_channel_win.cc, line 341
1573063233409	Marionette	INFO	Stopped listening on port 61494

###!!! [Child][RunMessage] Error: Channel closing: too late to send/recv, messages will be lost

[
###!!! [Child][MessageChannel::SendAndWait] Error: Channel error: cannot send/recv

te	INFO	Listening on port 61556
1573063005067	Marionette	WARN	TLS certificate errors will be ignored for this session
[Parent 17640, Gecko_IOThread] WARNING: pipe error: 109: file z:/task_1572401533/build/src/ipc/chromium/src/chrome/common/ipc_channel_win.cc, line 341
[Child 17840, Chrome_ChildThread] WARNING: pipe error: 109: file z:/task_1572401533/build/src/ipc/chromium/src/chrome/common/ipc_channel_win.cc, line 341
[Child [Parent 17640, Gecko_IOThread] WARNING: pipe error: 109: file z:/task_1572401533/build/src/ipc/chromium/src/chrome/common/ipc_channel_win.cc, line 341
[Child 8812, Chrome_ChildThread] WARNING: pipe error: 109: file z:/task_1572401533/build/src/ipc/chromium/src/chrome/common/ipc_channel_win.cc, line 341
[Child 88[Parent 17640, Gecko_IOThread] WARNING: pipe error: 109: file z:/task_1572401533/build/src/ipc/chromium/src/chrome/common/ipc_channel_win.cc, line 341
[Child 20352, Chrome_ChildThread] WARNING: pipe error: 109: file z:/task_1572401533/build/src/ipc/chromium/src/chrome/common/ipc_channel_win.cc, line 341
[Child 1573063235740	Marionette	INFO	Stopped listening on port 61556
[GPU 1
###!!! [Child][MessageChannel::SendAndWait] Error: Channel error: cannot send/recv

1573063941458	mozrunner::runner	INFO	Running command: "C:\\Program Files\\Mozilla Firefox\\firefox.exe" "-marionette" "-foreground" "-no-remote" "-profile" "C:\\Users\\DHHYE_~1\\AppData\\Local\\Temp\\rust_mozprofile5PxpxW"
1573063943190	addons.webextension.screenshots@mozilla.org	WARN	Loading extension 'screenshots@mozilla.org': Reading manifest: Invalid extension permission: mozillaAddons
1573063943190	addons.webextension.screenshots@mozilla.org	WARN	Loading extension 'screenshots@mozilla.org': Reading manifest: Invalid extension permission: telemetry
1573063943190	addons.webextension.screenshots@mozilla.org	WARN	Loading extension 'screenshots@mozilla.org': Reading manifest: Invalid extension permission: resource://pdf.js/
1573063943191	addons.webextension.screenshots@mozilla.org	WARN	Loading extension 'screenshots@mozilla.org': Reading manifest: Invalid extension permission: about:reader*
JavaScript error: resource://gre/modules/XULStore.jsm, line 66: Error: Can't find profile directory.
1573063945523	Marionette	INFO	Listening on port 61910
1573063945609	Marionette	WARN	TLS certificate errors will be ignored for this session
[Parent 14556, Gecko_IOThread] WARNING: pipe error: 109: file z:/task_1572401533/build/src/ipc/chromium/src/chrome/common/ipc_channel_win.cc, line 341
[Parent 14556, Gecko_IOThread] WARNING: pipe error: 109: file z:/task_1572401533/build/src/ipc/chromium/src/chrome/common/ipc_channel_win.cc, line 341
[Child 13224, Chrome_ChildThread] WARNING: pipe error: 109: file z:/task_1572401533/build/src/ipc/chromium/src/chrome/common/ipc_channel_win.cc, line 341
[Child 13224, Chrome_ChildThread] WARNING: pipe error: 109: file z:/task_1572401533/build/src/ipc/chromium/src/chrome/common/ipc_channel_win.cc, line 341
[Parent 14556, Gecko_IOThread] WARNING: pipe error: 109: file z:/task_1572401533/build/src/ipc/chromium/src/chrome/common/ipc_channel_win.cc, line 341
1573066154289	Marionette	INFO	Stopped listening on port 61910

###!!! [Child][RunMessage] Error: Channel closing: too late to send/recv, messages will be lost

[GPU 17796, Chr
###!!! [Child][MessageChannel::SendAndWait] Error: Channel error: cannot send/recv

e	INFO	Listening on port 62015
1573064251360	Marionette	WARN	TLS certificate errors will be ignored for this session
[Parent 13360, Gecko_IOThread] WARNING: pipe error: 109: file z:/task_1572401533/build/src/ipc/chromium/src/chrome/common/ipc_channel_win.cc, line 341
[Child 15680, Chrome_ChildThread] WARNING: pipe error: 109: file z:/task_1572401533/build/src/ipc/chromium/src/chrome/common/ipc_channel_win.cc, line 341
[Child 15680, Chrome_ChildThread] WARNING: pipe error: 109: file z:/task_1572401533/buil[Child 10944, Chrome_ChildThread] WARNING: pipe error: 109: file z:/task_1572401533/build/src/ipc/chromium/src/chrome/common/ipc_channel_win.cc, line 341
[Child 10944, Chrome_ChildThread] WARNING: pipe erro[Parent 13360, Gecko_IOThread] WARNING: pipe error: 109: file z:/task_1572401533/build/src/ipc/chromium/src/chrome/common/ipc_channel_win.cc, line 341
[Child 14676, Chrome_ChildThread] WARNING: pipe error: 109: file z:/task_1572401533/build/src/ipc/chromium/src/chrome/common/ipc_channel_win.cc, line 341
[Child 141573066084506	Marionette	INFO	Stopped listening on port 62015

###!!! [Child][RunMessage] Error: Channel closing: too late to send/recv, messages will be lost

[GPU 14772, Chrome_C
###!!! [Child][MessageChannel::SendAndWait] Erro[Parent 1904, Gecko_IOThread] WARNING: pipe error: 109: file z:/task_1572401533/build/src/ipc/chromium/src/chrome/common/ipc_channel_win.cc, line 341
[Child 19952, Chrome_Child
###!!! [Child][MessageChannel] Error: (msgtype=0x570012,name=PHttpChannel::Msg___delete__) Channel closing: too late to send/recv, messages will be lost

Thread] WARN
###!!! [Child][MessageChannel] Error: (msgtype=0x640027,name=PNecko::Msg_RemoveRequestContext) Channel closing: too late to send/recv, messages will be lost

ING: pipe error: 109: file z:/task_1572401533/build/src/ipc/chromium/src/chrome/common/ipc_channel_win.cc, line 341
[C1573066153466	Marionette	INFO	Stopped listening on port 62184

###!!! [Child][RunMessage] Error: Channel closing: too late to send/recv, messages will be lost


###!!! [Child][MessageChannel::SendAndWait] Error: Channel error: cannot send/recv

 permission: about:reader*
JavaScript error: resource://gre/modules/XULStore.jsm, line 66: Error: Can't find profile directory.
1573064929743	Marionette	INFO	Listening on port 62525
1573064930143	Marionette	WARN	TLS certificate errors will be ignored for this session
[Parent 16208, Gecko_IOThread] WARNING: pipe error: 109: file z:/task_1572401533/build/src/ipc/chromium/src/chrome/common/ipc_channel_win.cc, line 341
[Child 15812, Chrome_ChildThread] WARNING: pipe error: 109: file z:/task_1572401533/build/src/ipc/chromium/src/chrome/common/ipc_channel_win.cc, line 341
[Child 15812, Chrome_ChildTh[Child 14292, Chrome_ChildThread] WARNING: pipe error: 232: file z:/task_1572401533/build/src/ipc/chromium/src/chrome/common/ipc_channel_win.cc, line 502
[Child 14292, Chrome_ChildThread] WARNING: pipe error: 109: file z:/task_1572401533/build/src/ipc/chromium/src/chrome/common/ipc_channel_win.cc, line 341
[Child 14292, Chrome_ChildThread] WARNING: pipe error: 232: file z:/task_1572401533/build/src/ipc/chromium/src/chrome/common/ipc_channel_win.cc, line 502
[Child 14292, Chrome_ChildThread] WARNING: pipe error: 109: file z:/task_1572401533/build/src/ipc/chromium/src/chrome/common/ipc_channel_win.cc, line 341
[Parent 16208, Gecko_IOThread] WARNING: pipe error: 109: file z:/task_1572401533/build/src/ipc/chromium/src/chrome/common/ipc_channel_win.cc, line 341
[Child 17696, Chrome_ChildThread] WARNING: pipe error: 109: file z:/task_1572401533/build/src/ipc/chromium/src/chrome/common/ipc_channel_win.cc, line 341
[Child 17696, Chrome_ChildThread] WARNING: pipe error: 109: file z:/task_1572401533/build/src/ipc/chromium/src/chrome/common/ipc_channel_win.cc, line 341
1573066152346	Marionette	INFO	Stopped listening on port 62525

###!!! [Child][RunMessage] Error: Channel closing: too late to send/recv, messages will be lost

[G
###!!! [Child][MessageChannel::SendAndWait] Error: Channel error: cannot send/recv

